#
# There is insufficient memory for the Java Runtime Environment to continue.
# Native memory allocation (malloc) failed to allocate 782608 bytes for Chunk::new
# Possible reasons:
#   The system is out of physical RAM or swap space
#   In 32 bit mode, the process size limit was hit
# Possible solutions:
#   Reduce memory load on the system
#   Increase physical memory or swap space
#   Check if swap backing store is full
#   Use 64 bit Java on a 64 bit OS
#   Decrease Java heap size (-Xmx/-Xms)
#   Decrease number of Java threads
#   Decrease Java thread stack sizes (-Xss)
#   Set larger code cache with -XX:ReservedCodeCacheSize=
# This output file may be truncated or incomplete.
#
#  Out of Memory Error (allocation.cpp:328), pid=6596, tid=3980
#
# JRE version: 7.0_13-b20
# Java VM: Java HotSpot(TM) 64-Bit Server VM (23.7-b01 mixed mode windows-amd64 compressed oops)
# Failed to write core dump. Minidumps are not enabled by default on client versions of Windows
#

---------------  T H R E A D  ---------------

Current thread (0x000000000e4bd000):  JavaThread "C2 CompilerThread1" daemon [_thread_in_native, id=3980, stack(0x000000000ffa0000,0x00000000100a0000)]

Stack: [0x000000000ffa0000,0x00000000100a0000]

Current CompileTask:
C2:   6407  505   !         lombok.core.AST::buildWithField0 (118 bytes)


---------------  P R O C E S S  ---------------

Java Threads: ( => current thread )
  0x000000000e4c8000 JavaThread "Service Thread" daemon [_thread_blocked, id=6312, stack(0x000000000f6f0000,0x000000000f7f0000)]
=>0x000000000e4bd000 JavaThread "C2 CompilerThread1" daemon [_thread_in_native, id=3980, stack(0x000000000ffa0000,0x00000000100a0000)]
  0x000000000e4a8800 JavaThread "C2 CompilerThread0" daemon [_thread_in_native, id=4480, stack(0x000000000fe30000,0x000000000ff30000)]
  0x000000000e4a6000 JavaThread "Attach Listener" daemon [_thread_blocked, id=984, stack(0x000000000fc50000,0x000000000fd50000)]
  0x000000000e4a1000 JavaThread "Signal Dispatcher" daemon [_thread_blocked, id=6812, stack(0x000000000faa0000,0x000000000fba0000)]
  0x0000000002257000 JavaThread "Finalizer" daemon [_thread_blocked, id=6848, stack(0x000000000f880000,0x000000000f980000)]
  0x000000000224f000 JavaThread "Reference Handler" daemon [_thread_blocked, id=6704, stack(0x000000000f4c0000,0x000000000f5c0000)]
  0x000000000215e000 JavaThread "main" [_thread_in_vm, id=6668, stack(0x00000000024f0000,0x00000000025f0000)]

Other Threads:
  0x000000000e422800 VMThread [stack: 0x000000000f5e0000,0x000000000f6e0000] [id=7104]
  0x000000000e4d1000 WatcherThread [stack: 0x00000000101f0000,0x00000000102f0000] [id=6968]

VM state:not at safepoint (normal execution)

VM Mutex/Monitor currently owned by a thread: None

Heap
 PSYoungGen      total 105344K, used 52119K [0x00000007c0000000, 0x00000007c7000000, 0x0000000800000000)
  eden space 97152K, 45% used [0x00000007c0000000,0x00000007c2aedc70,0x00000007c5ee0000)
  from space 8192K, 99% used [0x00000007c5ee0000,0x00000007c66d8020,0x00000007c66e0000)
  to   space 8192K, 0% used [0x00000007c6800000,0x00000007c6800000,0x00000007c7000000)
 ParOldGen       total 131072K, used 11845K [0x0000000740000000, 0x0000000748000000, 0x00000007c0000000)
  object space 131072K, 9% used [0x0000000740000000,0x0000000740b91630,0x0000000748000000)
 PSPermGen       total 21248K, used 18026K [0x000000073ae00000, 0x000000073c2c0000, 0x0000000740000000)
  object space 21248K, 84% used [0x000000073ae00000,0x000000073bf9a838,0x000000073c2c0000)

Card table byte_map: [0x00000000055f0000,0x0000000005c20000] byte_map_base: 0x0000000001c19000

Polling page: 0x0000000000330000

Code Cache  [0x00000000025f0000, 0x0000000002860000, 0x00000000055f0000)
 total_blobs=793 nmethods=493 adapters=251 free_code_cache=47504Kb largest_free_block=48593216

Compilation events (10 events):
Event: 6.268 Thread 0x000000000e4bd000 nmethod 500 0x00000000027005d0 code [0x0000000002700720, 0x00000000027007f8]
Event: 6.268 Thread 0x000000000e4bd000  501   !         lombok.javac.JavacAST::drill (145 bytes)
Event: 6.275 Thread 0x000000000e4a8800 nmethod 498 0x00000000026ffa10 code [0x00000000026ffbe0, 0x00000000027001f8]
Event: 6.296 Thread 0x000000000e4a8800  502             java.util.ArrayList::addAll (54 bytes)
Event: 6.301 Thread 0x000000000e4a8800 nmethod 502 0x00000000026688d0 code [0x0000000002668a40, 0x0000000002668eb8]
Event: 6.302 Thread 0x000000000e4a8800  503             java.lang.Class::cast (27 bytes)
Event: 6.303 Thread 0x000000000e4a8800 nmethod 503 0x00000000026691d0 code [0x0000000002669300, 0x00000000026693f8]
Event: 6.306 Thread 0x000000000e4a8800  504             lombok.core.AST::buildWithField (21 bytes)
Event: 6.355 Thread 0x000000000e4bd000 nmethod 501 0x0000000002791b10 code [0x0000000002791f00, 0x00000000027942f8]
Event: 6.355 Thread 0x000000000e4bd000  505   !         lombok.core.AST::buildWithField0 (118 bytes)

GC Heap History (6 events):
Event: 1.160 GC heap before
{Heap before GC invocations=1 (full 0):
 PSYoungGen      total 57344K, used 49152K [0x00000007c0000000, 0x00000007c4000000, 0x0000000800000000)
  eden space 49152K, 100% used [0x00000007c0000000,0x00000007c3000000,0x00000007c3000000)
  from space 8192K, 0% used [0x00000007c3800000,0x00000007c3800000,0x00000007c4000000)
  to   space 8192K, 0% used [0x00000007c3000000,0x00000007c3000000,0x00000007c3800000)
 ParOldGen       total 131072K, used 0K [0x0000000740000000, 0x0000000748000000, 0x00000007c0000000)
  object space 131072K, 0% used [0x0000000740000000,0x0000000740000000,0x0000000748000000)
 PSPermGen       total 21248K, used 9748K [0x000000073ae00000, 0x000000073c2c0000, 0x0000000740000000)
  object space 21248K, 45% used [0x000000073ae00000,0x000000073b785328,0x000000073c2c0000)
Event: 1.173 GC heap after
Heap after GC invocations=1 (full 0):
 PSYoungGen      total 57344K, used 7142K [0x00000007c0000000, 0x00000007c7000000, 0x0000000800000000)
  eden space 49152K, 0% used [0x00000007c0000000,0x00000007c0000000,0x00000007c3000000)
  from space 8192K, 87% used [0x00000007c3000000,0x00000007c36f9a90,0x00000007c3800000)
  to   space 8192K, 0% used [0x00000007c6800000,0x00000007c6800000,0x00000007c7000000)
 ParOldGen       total 131072K, used 8K [0x0000000740000000, 0x0000000748000000, 0x00000007c0000000)
  object space 131072K, 0% used [0x0000000740000000,0x0000000740002000,0x0000000748000000)
 PSPermGen       total 21248K, used 9748K [0x000000073ae00000, 0x000000073c2c0000, 0x0000000740000000)
  object space 21248K, 45% used [0x000000073ae00000,0x000000073b785328,0x000000073c2c0000)
}
Event: 3.023 GC heap before
{Heap before GC invocations=2 (full 0):
 PSYoungGen      total 57344K, used 56294K [0x00000007c0000000, 0x00000007c7000000, 0x0000000800000000)
  eden space 49152K, 100% used [0x00000007c0000000,0x00000007c3000000,0x00000007c3000000)
  from space 8192K, 87% used [0x00000007c3000000,0x00000007c36f9a90,0x00000007c3800000)
  to   space 8192K, 0% used [0x00000007c6800000,0x00000007c6800000,0x00000007c7000000)
 ParOldGen       total 131072K, used 8K [0x0000000740000000, 0x0000000748000000, 0x00000007c0000000)
  object space 131072K, 0% used [0x0000000740000000,0x0000000740002000,0x0000000748000000)
 PSPermGen       total 21248K, used 13106K [0x000000073ae00000, 0x000000073c2c0000, 0x0000000740000000)
  object space 21248K, 61% used [0x000000073ae00000,0x000000073baccb10,0x000000073c2c0000)
Event: 3.035 GC heap after
Heap after GC invocations=2 (full 0):
 PSYoungGen      total 56192K, used 6995K [0x00000007c0000000, 0x00000007c6ee0000, 0x0000000800000000)
  eden space 49152K, 0% used [0x00000007c0000000,0x00000007c0000000,0x00000007c3000000)
  from space 7040K, 99% used [0x00000007c6800000,0x00000007c6ed4f50,0x00000007c6ee0000)
  to   space 8192K, 0% used [0x00000007c5ee0000,0x00000007c5ee0000,0x00000007c66e0000)
 ParOldGen       total 131072K, used 16K [0x0000000740000000, 0x0000000748000000, 0x00000007c0000000)
  object space 131072K, 0% used [0x0000000740000000,0x0000000740004000,0x0000000748000000)
 PSPermGen       total 21248K, used 13106K [0x000000073ae00000, 0x000000073c2c0000, 0x0000000740000000)
  object space 21248K, 61% used [0x000000073ae00000,0x000000073baccb10,0x000000073c2c0000)
}
Event: 5.520 GC heap before
{Heap before GC invocations=3 (full 0):
 PSYoungGen      total 56192K, used 56147K [0x00000007c0000000, 0x00000007c6ee0000, 0x0000000800000000)
  eden space 49152K, 100% used [0x00000007c0000000,0x00000007c3000000,0x00000007c3000000)
  from space 7040K, 99% used [0x00000007c6800000,0x00000007c6ed4f50,0x00000007c6ee0000)
  to   space 8192K, 0% used [0x00000007c5ee0000,0x00000007c5ee0000,0x00000007c66e0000)
 ParOldGen       total 131072K, used 16K [0x0000000740000000, 0x0000000748000000, 0x00000007c0000000)
  object space 131072K, 0% used [0x0000000740000000,0x0000000740004000,0x0000000748000000)
 PSPermGen       total 21248K, used 17022K [0x000000073ae00000, 0x000000073c2c0000, 0x0000000740000000)
  object space 21248K, 80% used [0x000000073ae00000,0x000000073be9f9d8,0x000000073c2c0000)
Event: 5.615 GC heap after
Heap after GC invocations=3 (full 0):
 PSYoungGen      total 105344K, used 8160K [0x00000007c0000000, 0x00000007c7000000, 0x0000000800000000)
  eden space 97152K, 0% used [0x00000007c0000000,0x00000007c0000000,0x00000007c5ee0000)
  from space 8192K, 99% used [0x00000007c5ee0000,0x00000007c66d8020,0x00000007c66e0000)
  to   space 8192K, 0% used [0x00000007c6800000,0x00000007c6800000,0x00000007c7000000)
 ParOldGen       total 131072K, used 11845K [0x0000000740000000, 0x0000000748000000, 0x00000007c0000000)
  object space 131072K, 9% used [0x0000000740000000,0x0000000740b91630,0x0000000748000000)
 PSPermGen       total 21248K, used 17022K [0x000000073ae00000, 0x000000073c2c0000, 0x0000000740000000)
  object space 21248K, 80% used [0x000000073ae00000,0x000000073be9f9d8,0x000000073c2c0000)
}

Deoptimization events (10 events):
Event: 5.656 Thread 0x000000000215e000 Uncommon trap -83 fr.pc 0x00000000026c000c
Event: 5.674 Thread 0x000000000215e000 Uncommon trap -12 fr.pc 0x00000000026c84fc
Event: 5.804 Thread 0x000000000215e000 Uncommon trap -83 fr.pc 0x00000000027699a4
Event: 5.982 Thread 0x000000000215e000 Uncommon trap -34 fr.pc 0x0000000002779aa8
Event: 5.983 Thread 0x000000000215e000 Uncommon trap -34 fr.pc 0x0000000002779aa8
Event: 6.090 Thread 0x000000000215e000 Uncommon trap -58 fr.pc 0x00000000026ae904
Event: 6.090 Thread 0x000000000215e000 Uncommon trap -58 fr.pc 0x00000000026ae8f0
Event: 6.090 Thread 0x000000000215e000 Uncommon trap -58 fr.pc 0x00000000026ae8f0
Event: 6.090 Thread 0x000000000215e000 Uncommon trap -58 fr.pc 0x00000000026ae8f0
Event: 6.112 Thread 0x000000000215e000 Uncommon trap -83 fr.pc 0x0000000002687dcc

Internal exceptions (10 events):
Event: 6.187 Thread 0x000000000215e000 Threw 0x00000007c1bf1c78 at C:\jdk7u2_64p\jdk7u13\hotspot\src\share\vm\prims\jvm.cpp:1166
Event: 6.187 Thread 0x000000000215e000 Threw 0x00000007c1bf6b60 at C:\jdk7u2_64p\jdk7u13\hotspot\src\share\vm\prims\jvm.cpp:1166
Event: 6.188 Thread 0x000000000215e000 Threw 0x00000007c1c039a8 at C:\jdk7u2_64p\jdk7u13\hotspot\src\share\vm\prims\jvm.cpp:1166
Event: 6.189 Thread 0x000000000215e000 Threw 0x00000007c1c0bb20 at C:\jdk7u2_64p\jdk7u13\hotspot\src\share\vm\prims\jvm.cpp:1166
Event: 6.192 Thread 0x000000000215e000 Threw 0x00000007c1c28580 at C:\jdk7u2_64p\jdk7u13\hotspot\src\share\vm\prims\jvm.cpp:1166
Event: 6.193 Thread 0x000000000215e000 Threw 0x00000007c1c2cb78 at C:\jdk7u2_64p\jdk7u13\hotspot\src\share\vm\prims\jvm.cpp:1166
Event: 6.193 Thread 0x000000000215e000 Threw 0x00000007c1c2faf8 at C:\jdk7u2_64p\jdk7u13\hotspot\src\share\vm\prims\jvm.cpp:1166
Event: 6.193 Thread 0x000000000215e000 Threw 0x00000007c1c32bf8 at C:\jdk7u2_64p\jdk7u13\hotspot\src\share\vm\prims\jvm.cpp:1166
Event: 6.206 Thread 0x000000000215e000 Threw 0x00000007c1cc4058 at C:\jdk7u2_64p\jdk7u13\hotspot\src\share\vm\prims\jvm.cpp:1166
Event: 6.206 Thread 0x000000000215e000 Threw 0x00000007c1cd3d28 at C:\jdk7u2_64p\jdk7u13\hotspot\src\share\vm\prims\jvm.cpp:1166

Events (10 events):
Event: 6.193 loading class 0x00000000110ca7e0
Event: 6.193 loading class 0x00000000110ca7e0 done
Event: 6.205 loading class 0x0000000011567fb0
Event: 6.205 loading class 0x0000000011567fb0 done
Event: 6.205 loading class 0x0000000011567fb0
Event: 6.205 loading class 0x0000000011567fb0 done
Event: 6.206 loading class 0x000000001153a380
Event: 6.206 loading class 0x000000001153a380 done
Event: 6.206 loading class 0x000000001153a380
Event: 6.206 loading class 0x000000001153a380 done


Dynamic libraries:
0x000000013ff10000 - 0x000000013ff43000 	C:\Program Files\Java\jdk1.7.0_13\bin\java.exe
0x0000000077410000 - 0x00000000775ba000 	C:\Windows\SYSTEM32\ntdll.dll
0x00000000772f0000 - 0x000000007740f000 	C:\Windows\system32\kernel32.dll
0x000007fefd360000 - 0x000007fefd3ca000 	C:\Windows\system32\KERNELBASE.dll
0x000007feff540000 - 0x000007feff61b000 	C:\Windows\system32\ADVAPI32.dll
0x000007fefe2a0000 - 0x000007fefe33f000 	C:\Windows\system32\msvcrt.dll
0x000007feff700000 - 0x000007feff71f000 	C:\Windows\SYSTEM32\sechost.dll
0x000007feff2c0000 - 0x000007feff3ed000 	C:\Windows\system32\RPCRT4.dll
0x00000000771f0000 - 0x00000000772ea000 	C:\Windows\system32\USER32.dll
0x000007feff4d0000 - 0x000007feff537000 	C:\Windows\system32\GDI32.dll
0x000007fefddd0000 - 0x000007fefddde000 	C:\Windows\system32\LPK.dll
0x000007fefdde0000 - 0x000007fefdeaa000 	C:\Windows\system32\USP10.dll
0x000007fefba70000 - 0x000007fefbc64000 	C:\Windows\WinSxS\amd64_microsoft.windows.common-controls_6595b64144ccf1df_6.0.7601.18837_none_fa3b1e3d17594757\COMCTL32.dll
0x000007fefe220000 - 0x000007fefe291000 	C:\Windows\system32\SHLWAPI.dll
0x000007feff1a0000 - 0x000007feff1ce000 	C:\Windows\system32\IMM32.DLL
0x000007fefdcc0000 - 0x000007fefddc9000 	C:\Windows\system32\MSCTF.dll
0x0000000058df0000 - 0x0000000058ec1000 	C:\Program Files\Java\jdk1.7.0_13\jre\bin\msvcr100.dll
0x0000000057980000 - 0x000000005809f000 	C:\Program Files\Java\jdk1.7.0_13\jre\bin\server\jvm.dll
0x000007fef5f60000 - 0x000007fef5f69000 	C:\Windows\system32\WSOCK32.dll
0x000007feff1d0000 - 0x000007feff21d000 	C:\Windows\system32\WS2_32.dll
0x000007fefe340000 - 0x000007fefe348000 	C:\Windows\system32\NSI.dll
0x000007fefae90000 - 0x000007fefaecb000 	C:\Windows\system32\WINMM.dll
0x00000000775e0000 - 0x00000000775e7000 	C:\Windows\system32\PSAPI.DLL
0x0000000058f00000 - 0x0000000058f0f000 	C:\Program Files\Java\jdk1.7.0_13\jre\bin\verify.dll
0x0000000057950000 - 0x0000000057978000 	C:\Program Files\Java\jdk1.7.0_13\jre\bin\java.dll
0x0000000057930000 - 0x0000000057945000 	C:\Program Files\Java\jdk1.7.0_13\jre\bin\zip.dll
0x0000000057910000 - 0x0000000057929000 	C:\Program Files\Java\jdk1.7.0_13\jre\bin\net.dll
0x000007fefc5e0000 - 0x000007fefc635000 	C:\Windows\system32\mswsock.dll
0x000007fefc5d0000 - 0x000007fefc5d7000 	C:\Windows\System32\wship6.dll
0x00000000578f0000 - 0x0000000057901000 	C:\Program Files\Java\jdk1.7.0_13\jre\bin\nio.dll
0x000007fefcf80000 - 0x000007fefcfd7000 	C:\Windows\system32\apphelp.dll

VM Arguments:
jvm_args: -Dclassworlds.conf=D:\NetBeans 8.0.2\java\maven\bin\m2.conf -Dmaven.home=D:\NetBeans 8.0.2\java\maven 
java_command: org.codehaus.plexus.classworlds.launcher.Launcher -Dmaven.ext.class.path=D:\NetBeans 8.0.2\java\maven-nblib\netbeans-eventspy.jar -Dfile.encoding=UTF-8 clean install
Launcher Type: SUN_STANDARD

Environment Variables:
JAVA_HOME=C:\Program Files\Java\jdk1.7.0_13
CLASSPATH=.;C:\Program Files (x86)\Java\jre7\lib\ext\QTJava.zip
PATH=C:\ProgramData\Oracle\Java\javapath;C:\Windows\system32;C:\Windows;C:\Windows\System32\Wbem;C:\Windows\System32\WindowsPowerShell\v1.0\;C:\Program Files (x86)\ATI Technologies\ATI.ACE\Core-Static;D:\freepascal\bin\i386-Win32;d:\FPC\bin\i386-Win32;d:\FPC\2.6.0\bin\i386-Win32;d:\Samsung PC Studio 3;C:\Program Files (x86)\QuickTime\QTSystem\;D:\tools\svn\bin;C:\Program Files\apache-maven-3.3.3\bin;C:\Program Files (x86)\MySQL\MySQL Fabric 1.5 & MySQL Utilities 1.5\;C:\Program Files (x86)\MySQL\MySQL Fabric 1.5 & MySQL Utilities 1.5\Doctrine extensions for PHP\;D:\Mozilla;C:\ProgramData\Oracle\Java\javapath;C:\Windows\system32;C:\Windows;C:\Windows\System32\Wbem;C:\Windows\System32\WindowsPowerShell\v1.0\;C:\Program Files (x86)\ATI Technologies\ATI.ACE\Core-Static;D:\freepascal\bin\i386-Win32;d:\FPC\bin\i386-Win32;d:\FPC\2.6.0\bin\i386-Win32;d:\Samsung PC Studio 3;C:\Program Files (x86)\QuickTime\QTSystem\;D:\tools\svn\bin
USERNAME=Lars
OS=Windows_NT
PROCESSOR_IDENTIFIER=AMD64 Family 16 Model 4 Stepping 2, AuthenticAMD



---------------  S Y S T E M  ---------------

OS: Windows 7 , 64 bit Build 7601 Service Pack 1

CPU:total 4 (4 cores per cpu, 1 threads per core) family 16 model 4 stepping 2, cmov, cx8, fxsr, mmx, sse, sse2, sse3, popcnt, mmxext, 3dnowpref, lzcnt, sse4a, tsc, tscinvbit, tscinv

Memory: 4k page, physical 12581176k(275608k free), swap 12579316k(5700k free)

vm_info: Java HotSpot(TM) 64-Bit Server VM (23.7-b01) for windows-amd64 JRE (1.7.0_13-b20), built on Jan 30 2013 10:10:00 by "java_re" with unknown MS VC++:1600

time: Sat Dec 03 23:51:01 2016
elapsed time: 6 seconds

